SF:lib/main.dart
DA:7,0
DA:12,1
DA:14,1
DA:15,2
DA:16,1
DA:17,1
LF:6
LH:5
end_of_record
SF:lib/services/auth_logic.dart
DA:9,0
DA:10,0
DA:14,1
DA:15,2
DA:17,2
DA:21,0
DA:23,0
DA:24,0
DA:25,0
DA:27,0
DA:33,0
DA:35,0
DA:37,0
DA:38,0
DA:40,0
DA:45,0
DA:47,0
DA:49,0
DA:50,0
DA:52,0
DA:58,0
DA:60,0
DA:62,0
LF:23
LH:3
end_of_record
SF:lib/pages/wrapper.dart
DA:9,1
DA:11,1
DA:12,1
DA:14,1
DA:16,0
LF:5
LH:4
end_of_record
SF:lib/services/user.dart
DA:5,0
LF:1
LH:0
end_of_record
SF:lib/pages/authenticate/authenticate.dart
DA:6,1
DA:7,1
DA:13,0
DA:14,0
DA:17,1
DA:19,2
DA:20,2
DA:22,0
LF:8
LH:5
end_of_record
SF:lib/pages/authenticate/sign_in.dart
DA:10,1
DA:12,1
DA:13,1
DA:26,1
DA:28,1
DA:29,0
DA:30,1
DA:31,1
DA:32,1
DA:34,1
DA:35,1
DA:37,1
DA:43,1
DA:44,1
DA:48,1
DA:49,1
DA:50,1
DA:51,1
DA:52,1
DA:55,1
DA:56,1
DA:57,0
DA:58,0
DA:59,0
DA:60,0
DA:61,0
DA:65,1
DA:68,1
DA:69,1
DA:70,0
DA:74,0
DA:75,0
DA:76,0
DA:77,0
DA:81,1
DA:84,1
DA:85,1
DA:86,0
DA:87,0
DA:88,0
DA:89,0
DA:91,0
DA:93,0
DA:94,0
DA:96,0
DA:101,1
DA:103,1
DA:106,1
DA:107,0
DA:108,0
DA:110,1
DA:111,1
DA:112,1
DA:113,1
DA:114,1
LF:55
LH:34
end_of_record
SF:lib/pages/authenticate/register.dart
DA:10,0
DA:12,0
DA:13,0
DA:26,0
DA:28,0
DA:29,0
DA:30,0
DA:32,0
DA:33,0
DA:35,0
DA:41,0
DA:42,0
DA:46,0
DA:47,0
DA:48,0
DA:49,0
DA:50,0
DA:53,0
DA:54,0
DA:57,0
DA:58,0
DA:59,0
DA:60,0
DA:61,0
DA:65,0
DA:68,0
DA:69,0
DA:72,0
DA:73,0
DA:75,0
DA:76,0
DA:77,0
DA:78,0
DA:82,0
DA:85,0
DA:86,0
DA:87,0
DA:88,0
DA:89,0
DA:90,0
DA:93,0
DA:95,0
DA:96,0
DA:97,0
DA:102,0
DA:104,0
DA:107,0
DA:108,0
DA:109,0
DA:111,0
DA:112,0
DA:114,0
DA:117,0
DA:118,0
DA:119,0
LF:55
LH:0
end_of_record
SF:lib/services/loading.dart
DA:5,0
DA:7,0
DA:8,0
DA:9,0
DA:10,0
LF:5
LH:0
end_of_record
SF:lib/pages/home/home.dart
DA:5,0
DA:6,0
DA:12,0
DA:14,0
DA:15,0
DA:16,0
DA:17,0
DA:19,0
DA:21,0
DA:23,0
DA:24,0
DA:25,0
DA:26,0
DA:28,0
DA:32,0
DA:34,0
LF:16
LH:0
end_of_record
